<?xml version="1.0" encoding="UTF-8"?>
<testng-results ignored="0" total="2" passed="2" failed="0" skipped="0">
  <reporter-output>
    <line>
      <![CDATA[suite execution starts:Wed Nov 03 01:04:52 IST 2021]]>
    </line>
    <line>
      <![CDATA[chrome Launched]]>
    </line>
    <line>
      <![CDATA[http://dell-pc/login.dourl is navigated]]>
    </line>
    <line>
      <![CDATA[validLoginscript execution startsWed Nov 03 01:04:56 IST 2021]]>
    </line>
    <line>
      <![CDATA[Home Page (Enter Time tRACK )is verified]]>
    </line>
    <line>
      <![CDATA[Home Page (Enter Time Track) title is verified]]>
    </line>
    <line>
      <![CDATA[validLoginscript is passsed]]>
    </line>
    <line>
      <![CDATA[Browser closed]]>
    </line>
    <line>
      <![CDATA[chrome Launched]]>
    </line>
    <line>
      <![CDATA[http://dell-pc/login.dourl is navigated]]>
    </line>
    <line>
      <![CDATA[invalidLoginscript execution startsWed Nov 03 01:05:03 IST 2021]]>
    </line>
    <line>
      <![CDATA[Invalid Login Message is verified]]>
    </line>
    <line>
      <![CDATA[invalidLoginscript is passsed]]>
    </line>
    <line>
      <![CDATA[Browser closed]]>
    </line>
  </reporter-output>
  <suite started-at="2021-11-03T01:04:52 IST" name="Suite" finished-at="2021-11-03T01:05:04 IST" duration-ms="11745">
    <groups>
    </groups>
    <test started-at="2021-11-03T01:04:52 IST" name="Test" finished-at="2021-11-03T01:05:04 IST" duration-ms="11745">
      <class name="com.scripts.LoginTest">
        <test-method is-config="true" signature="preCondition(java.lang.String,java.lang.String)[pri:0, instance:com.scripts.LoginTest@5223e5ee]" started-at="2021-11-03T01:04:52 IST" name="preCondition" finished-at="2021-11-03T01:04:56 IST" duration-ms="3873" status="PASS">
          <params>
            <param index="0">
              <value>
                <![CDATA[chrome]]>
              </value>
            </param>
            <param index="1">
              <value>
                <![CDATA[http://dell-pc/login.do]]>
              </value>
            </param>
          </params>
          <reporter-output>
            <line>
              <![CDATA[chrome Launched]]>
            </line>
            <line>
              <![CDATA[http://dell-pc/login.dourl is navigated]]>
            </line>
          </reporter-output>
        </test-method> <!-- preCondition -->
        <test-method signature="validLogin()[pri:1, instance:com.scripts.LoginTest@5223e5ee]" started-at="2021-11-03T01:04:56 IST" name="validLogin" description="verify validlogin" finished-at="2021-11-03T01:04:59 IST" duration-ms="2824" status="PASS">
          <reporter-output>
            <line>
              <![CDATA[validLoginscript execution startsWed Nov 03 01:04:56 IST 2021]]>
            </line>
            <line>
              <![CDATA[Home Page (Enter Time tRACK )is verified]]>
            </line>
            <line>
              <![CDATA[Home Page (Enter Time Track) title is verified]]>
            </line>
            <line>
              <![CDATA[validLoginscript is passsed]]>
            </line>
          </reporter-output>
        </test-method> <!-- validLogin -->
        <test-method is-config="true" signature="postCondition()[pri:0, instance:com.scripts.LoginTest@5223e5ee]" started-at="2021-11-03T01:04:59 IST" name="postCondition" finished-at="2021-11-03T01:05:00 IST" duration-ms="732" status="PASS">
          <reporter-output>
            <line>
              <![CDATA[Browser closed]]>
            </line>
          </reporter-output>
        </test-method> <!-- postCondition -->
        <test-method is-config="true" signature="preCondition(java.lang.String,java.lang.String)[pri:0, instance:com.scripts.LoginTest@5223e5ee]" started-at="2021-11-03T01:05:00 IST" name="preCondition" finished-at="2021-11-03T01:05:03 IST" duration-ms="2902" status="PASS">
          <params>
            <param index="0">
              <value>
                <![CDATA[chrome]]>
              </value>
            </param>
            <param index="1">
              <value>
                <![CDATA[http://dell-pc/login.do]]>
              </value>
            </param>
          </params>
          <reporter-output>
            <line>
              <![CDATA[chrome Launched]]>
            </line>
            <line>
              <![CDATA[http://dell-pc/login.dourl is navigated]]>
            </line>
          </reporter-output>
        </test-method> <!-- preCondition -->
        <test-method signature="invalidLogin()[pri:2, instance:com.scripts.LoginTest@5223e5ee]" started-at="2021-11-03T01:05:03 IST" name="invalidLogin" description="verify invalidlogin" finished-at="2021-11-03T01:05:03 IST" duration-ms="598" status="PASS">
          <reporter-output>
            <line>
              <![CDATA[invalidLoginscript execution startsWed Nov 03 01:05:03 IST 2021]]>
            </line>
            <line>
              <![CDATA[Invalid Login Message is verified]]>
            </line>
            <line>
              <![CDATA[invalidLoginscript is passsed]]>
            </line>
          </reporter-output>
        </test-method> <!-- invalidLogin -->
        <test-method is-config="true" signature="postCondition()[pri:0, instance:com.scripts.LoginTest@5223e5ee]" started-at="2021-11-03T01:05:03 IST" name="postCondition" finished-at="2021-11-03T01:05:04 IST" duration-ms="710" status="PASS">
          <reporter-output>
            <line>
              <![CDATA[Browser closed]]>
            </line>
          </reporter-output>
        </test-method> <!-- postCondition -->
      </class> <!-- com.scripts.LoginTest -->
    </test> <!-- Test -->
  </suite> <!-- Suite -->
</testng-results>
